<?xml version="1.0" encoding="UTF-8"?>
<testng-results skipped="0" failed="0" ignored="0" total="1" passed="1">
  <reporter-output>
  </reporter-output>
  <suite name="Default suite" duration-ms="3044" started-at="2021-04-01T16:26:45Z" finished-at="2021-04-01T16:26:48Z">
    <groups>
    </groups>
    <test name="Default test" duration-ms="3044" started-at="2021-04-01T16:26:45Z" finished-at="2021-04-01T16:26:48Z">
      <class name="testCases.HimaTestCases">
        <test-method status="PASS" signature="getTest()[pri:0, instance:testCases.HimaTestCases@5622fdf]" name="getTest" duration-ms="3003" started-at="2021-04-01T16:26:45Z" finished-at="2021-04-01T16:26:48Z">
          <reporter-output>
          </reporter-output>
        </test-method> <!-- getTest -->
      </class> <!-- testCases.HimaTestCases -->
    </test> <!-- Default test -->
  </suite> <!-- Default suite -->
</testng-results>
