<?xml version="1.0" encoding="UTF-8"?>
<!-- Generated by org.testng.reporters.JUnitXMLReporter -->
<testsuite hostname="WKWIN6647704" name="Facebook Automation Cases" tests="3" failures="0" timestamp="21 Jan 2021 15:09:26 GMT" time="45.107" errors="0">
  <testcase name="facebookLoginTest" time="0.388" classname="com.wallethub.testcases.FaceBookLoginPageTest"/>
  <testcase name="verifyFacebookTitleTest" time="0.012" classname="com.wallethub.testcases.FaceBookLoginPageTest"/>
  <testcase name="verifyPostAnUpdate" time="12.621" classname="com.wallethub.testcases.FacebookHomePageTest"/>
</testsuite> <!-- Facebook Automation Cases -->
