<?xml version="1.0" encoding="UTF-8"?>
<!-- Generated by org.testng.reporters.JUnitXMLReporter -->
<testsuite hostname="WKWIN6647704" ignored="0" name="Parallel Tests" tests="4" failures="0" timestamp="19 Feb 2021 20:38:02 GMT" time="0.032" errors="0">
  <testcase name="print" time="0.004" classname="temp.ChromeTest"/>
  <testcase name="ChromeTestMethod" time="0.005" classname="temp.ChromeTest"/>
  <testcase name="FirefoxTestMethod" time="0.002" classname="temp.FirefoxTest"/>
  <testcase name="print" time="0.002" classname="temp.FirefoxTest"/>
</testsuite> <!-- Parallel Tests -->
