<?xml version="1.0" encoding="UTF-8"?>
<!-- Generated by org.testng.reporters.JUnitXMLReporter -->
<testsuite hostname="WKWIN6647704" ignored="0" name="Default test" tests="8" failures="0" timestamp="19 Feb 2021 20:10:33 GMT" time="0.487" errors="0">
  <testcase name="generateTestReport" time="0.004" classname="temp.TestNGBasics"/>
  <testcase name="googleTitleTest" time="0.002" classname="temp.TestNGBasics"/>
  <testcase name="googleTitleTest" time="0.002" classname="temp.TestNGBasics"/>
  <testcase name="googleTitleTest" time="0.003" classname="temp.TestNGBasics"/>
  <testcase name="googleTitleTest" time="0.002" classname="temp.TestNGBasics"/>
  <testcase name="googleTitleTest" time="0.004" classname="temp.TestNGBasics"/>
  <testcase name="googleTitleTest" time="0.004" classname="temp.TestNGBasics"/>
  <testcase name="searchTest" time="0.002" classname="temp.TestNGBasics"/>
</testsuite> <!-- Default test -->
